<?xml version="1.0" encoding="UTF-8"?>
<testsuite name="net.hamadu.utils.DistinctNumberRange2Test" tests="1" skipped="0" failures="0" errors="0" timestamp="2017-12-25T21:34:23" hostname="asahikawa.local" time="0.009">
  <properties/>
  <testcase name="test0" classname="net.hamadu.utils.DistinctNumberRange2Test" time="0.009"/>
  <system-out><![CDATA[]]></system-out>
  <system-err><![CDATA[]]></system-err>
</testsuite>
