<?xml version="1.0" encoding="UTF-8"?>
<testsuite name="net.hamadu.utils.ConvexHullTechTest" tests="2" skipped="0" failures="0" errors="0" timestamp="2017-12-25T21:34:23" hostname="asahikawa.local" time="0.002">
  <properties/>
  <testcase name="testMax" classname="net.hamadu.utils.ConvexHullTechTest" time="0.001"/>
  <testcase name="testMin" classname="net.hamadu.utils.ConvexHullTechTest" time="0.0"/>
  <system-out><![CDATA[]]></system-out>
  <system-err><![CDATA[]]></system-err>
</testsuite>
