<?xml version="1.0" encoding="UTF-8"?>
<testsuite name="net.hamadu.data_structure.heap.TreapFindIntTest" tests="5" skipped="0" failures="0" errors="0" timestamp="2017-12-25T21:34:21" hostname="asahikawa.local" time="0.683">
  <properties/>
  <testcase name="putFindRemoveManyValues" classname="net.hamadu.data_structure.heap.TreapFindIntTest" time="0.68"/>
  <testcase name="eraseValues" classname="net.hamadu.data_structure.heap.TreapFindIntTest" time="0.0"/>
  <testcase name="findNode" classname="net.hamadu.data_structure.heap.TreapFindIntTest" time="0.0"/>
  <testcase name="createEmpty" classname="net.hamadu.data_structure.heap.TreapFindIntTest" time="0.0"/>
  <testcase name="pushValues" classname="net.hamadu.data_structure.heap.TreapFindIntTest" time="0.0"/>
  <system-out><![CDATA[]]></system-out>
  <system-err><![CDATA[]]></system-err>
</testsuite>
