<?xml version="1.0" encoding="UTF-8"?>
<testsuite name="net.hamadu.utils.FastFourierTransformationTest" tests="3" skipped="0" failures="0" errors="0" timestamp="2017-12-25T21:34:23" hostname="asahikawa.local" time="0.002">
  <properties/>
  <testcase name="testConvolution" classname="net.hamadu.utils.FastFourierTransformationTest" time="0.0"/>
  <testcase name="testReverseBitMap" classname="net.hamadu.utils.FastFourierTransformationTest" time="0.0"/>
  <testcase name="testConvolutionBig" classname="net.hamadu.utils.FastFourierTransformationTest" time="0.0"/>
  <system-out><![CDATA[]]></system-out>
  <system-err><![CDATA[]]></system-err>
</testsuite>
