<?xml version="1.0" encoding="UTF-8"?>
<testsuite name="net.hamadu.utils.BitVectorTest" tests="4" skipped="0" failures="0" errors="0" timestamp="2017-12-25T21:34:23" hostname="asahikawa.local" time="0.009">
  <properties/>
  <testcase name="testPacking" classname="net.hamadu.utils.BitVectorTest" time="0.004"/>
  <testcase name="testOr" classname="net.hamadu.utils.BitVectorTest" time="0.001"/>
  <testcase name="testGetAndSet" classname="net.hamadu.utils.BitVectorTest" time="0.0"/>
  <testcase name="testShiftLeft" classname="net.hamadu.utils.BitVectorTest" time="0.001"/>
  <system-out><![CDATA[]]></system-out>
  <system-err><![CDATA[]]></system-err>
</testsuite>
