<?xml version="1.0" encoding="UTF-8"?>
<testsuite name="net.hamadu.data_structure.heap.TreapIntRevTest" tests="5" skipped="0" failures="0" errors="0" timestamp="2017-12-25T21:34:22" hostname="asahikawa.local" time="0.004">
  <properties/>
  <testcase name="reverseRange" classname="net.hamadu.data_structure.heap.TreapIntRevTest" time="0.001"/>
  <testcase name="reverseRange2" classname="net.hamadu.data_structure.heap.TreapIntRevTest" time="0.001"/>
  <testcase name="reverseRange3" classname="net.hamadu.data_structure.heap.TreapIntRevTest" time="0.0"/>
  <testcase name="reverseRange4" classname="net.hamadu.data_structure.heap.TreapIntRevTest" time="0.0"/>
  <testcase name="pushValues" classname="net.hamadu.data_structure.heap.TreapIntRevTest" time="0.001"/>
  <system-out><![CDATA[]]></system-out>
  <system-err><![CDATA[]]></system-err>
</testsuite>
