<?xml version="1.0" encoding="UTF-8"?>
<testsuite name="net.hamadu.utils.MeldableSegmentTest" tests="5" skipped="0" failures="0" errors="0" timestamp="2017-12-25T21:34:23" hostname="asahikawa.local" time="0.002">
  <properties/>
  <testcase name="testTrivial" classname="net.hamadu.utils.MeldableSegmentTest" time="0.001"/>
  <testcase name="testMeld" classname="net.hamadu.utils.MeldableSegmentTest" time="0.0"/>
  <testcase name="testMeldJust" classname="net.hamadu.utils.MeldableSegmentTest" time="0.0"/>
  <testcase name="testMeldInRow" classname="net.hamadu.utils.MeldableSegmentTest" time="0.0"/>
  <testcase name="testMeldInRow2" classname="net.hamadu.utils.MeldableSegmentTest" time="0.0"/>
  <system-out><![CDATA[]]></system-out>
  <system-err><![CDATA[]]></system-err>
</testsuite>
