<?xml version="1.0" encoding="UTF-8"?>
<testsuite name="net.hamadu.data_structure.persistent.PersistentArrayTest" tests="2" skipped="0" failures="0" errors="0" timestamp="2017-12-25T21:34:22" hostname="asahikawa.local" time="0.001">
  <properties/>
  <testcase name="mutate" classname="net.hamadu.data_structure.persistent.PersistentArrayTest" time="0.001"/>
  <testcase name="neutral" classname="net.hamadu.data_structure.persistent.PersistentArrayTest" time="0.0"/>
  <system-out><![CDATA[]]></system-out>
  <system-err><![CDATA[]]></system-err>
</testsuite>
