<?xml version="1.0" encoding="UTF-8"?>
<testsuite name="net.hamadu.string.ErrorFunctionTest" tests="1" skipped="0" failures="0" errors="0" timestamp="2017-12-25T21:34:23" hostname="asahikawa.local" time="0.003">
  <properties/>
  <testcase name="abcAbcAbAbcAbc" classname="net.hamadu.string.ErrorFunctionTest" time="0.003"/>
  <system-out><![CDATA[]]></system-out>
  <system-err><![CDATA[]]></system-err>
</testsuite>
