<?xml version="1.0" encoding="UTF-8"?>
<testsuite name="net.hamadu.numeric.ExtgcdTest" tests="3" skipped="0" failures="0" errors="0" timestamp="2017-12-25T21:34:23" hostname="asahikawa.local" time="0.006">
  <properties/>
  <testcase name="modInvTest" classname="net.hamadu.numeric.ExtgcdTest" time="0.002"/>
  <testcase name="crtGarnerTest" classname="net.hamadu.numeric.ExtgcdTest" time="0.0"/>
  <testcase name="crtTest" classname="net.hamadu.numeric.ExtgcdTest" time="0.001"/>
  <system-out><![CDATA[]]></system-out>
  <system-err><![CDATA[]]></system-err>
</testsuite>
