<?xml version="1.0" encoding="UTF-8"?>
<testsuite name="net.hamadu.graph.flow.MatchingTest" tests="2" skipped="0" failures="0" errors="0" timestamp="2017-12-25T21:34:23" hostname="asahikawa.local" time="0.001">
  <properties/>
  <testcase name="testTrivial" classname="net.hamadu.graph.flow.MatchingTest" time="0.0"/>
  <testcase name="testTree" classname="net.hamadu.graph.flow.MatchingTest" time="0.0"/>
  <system-out><![CDATA[]]></system-out>
  <system-err><![CDATA[]]></system-err>
</testsuite>
