<?xml version="1.0" encoding="UTF-8"?>
<testsuite name="net.hamadu.string.RollingHashTest" tests="2" skipped="0" failures="0" errors="0" timestamp="2017-12-25T21:34:23" hostname="asahikawa.local" time="0.04">
  <properties/>
  <testcase name="decompose" classname="net.hamadu.string.RollingHashTest" time="0.027"/>
  <testcase name="generate" classname="net.hamadu.string.RollingHashTest" time="0.012"/>
  <system-out><![CDATA[]]></system-out>
  <system-err><![CDATA[]]></system-err>
</testsuite>
