<?xml version="1.0" encoding="UTF-8"?>
<testsuite name="net.hamadu.numeric.MatrixTest" tests="7" skipped="0" failures="0" errors="0" timestamp="2017-12-25T21:34:23" hostname="asahikawa.local" time="0.003">
  <properties/>
  <testcase name="testInv" classname="net.hamadu.numeric.MatrixTest" time="0.001"/>
  <testcase name="testMul" classname="net.hamadu.numeric.MatrixTest" time="0.0"/>
  <testcase name="testPow" classname="net.hamadu.numeric.MatrixTest" time="0.001"/>
  <testcase name="testE" classname="net.hamadu.numeric.MatrixTest" time="0.0"/>
  <testcase name="testAddRow" classname="net.hamadu.numeric.MatrixTest" time="0.0"/>
  <testcase name="testMulRow" classname="net.hamadu.numeric.MatrixTest" time="0.0"/>
  <testcase name="testSwapRow" classname="net.hamadu.numeric.MatrixTest" time="0.0"/>
  <system-out><![CDATA[]]></system-out>
  <system-err><![CDATA[]]></system-err>
</testsuite>
